2016/02/24 17:21:31.850 - info: MongoDB connected!
2016/02/24 17:21:31.879 - info: ::ffff:127.0.0.1 - GET /menu1 HTTP/1.1 200 5041 - 5.137 ms

2016/02/24 17:21:33.856 - info: ::1 - GET /menu1 HTTP/1.1 304 - - 1.835 ms

2016/02/24 17:22:08.826 - info: MongoDB connected!
2016/02/24 17:24:24.203 - warn: Not Found
2016/02/24 17:24:24.207 - info: ::1 - GET /api/users?limit=10&order=-1&page=1&search=KEY&sort=KEY&value= HTTP/1.1 404 9 - 16.140 ms

2016/02/24 17:24:37.345 - info: ::1 - GET /admin HTTP/1.1 200 5041 - 8.149 ms

2016/02/24 17:24:37.644 - warn: Not Found
2016/02/24 17:24:37.646 - info: ::1 - GET /api/users?limit=10&order=-1&page=1&search=KEY&sort=KEY&value= HTTP/1.1 404 9 - 6.886 ms

2016/02/24 17:25:28.549 - info: ::1 - GET /admin HTTP/1.1 304 - - 2.176 ms

2016/02/24 17:25:28.878 - warn: Not Found
2016/02/24 17:25:28.879 - info: ::1 - GET /api/users?limit=10&order=-1&page=1&search=KEY&sort=KEY&value= HTTP/1.1 404 9 - 1.762 ms

2016/02/24 17:31:34.688 - info: ::1 - GET /admin HTTP/1.1 304 - - 0.662 ms

2016/02/24 17:31:34.742 - info: ::1 - GET /app/admin/popup/menu1.create.controller.js HTTP/1.1 404 96 - 5.013 ms

2016/02/24 17:31:34.746 - info: ::1 - GET /app/admin/popup/menu1.destroy.controller.js HTTP/1.1 404 96 - 2.206 ms

2016/02/24 17:31:34.749 - info: ::1 - GET /app/admin/popup/menu1.update.controller.js HTTP/1.1 404 96 - 1.263 ms

2016/02/24 17:31:35.022 - warn: Not Found
2016/02/24 17:31:35.023 - info: ::1 - GET /api/users?limit=10&order=-1&page=1&search=KEY&sort=KEY&value= HTTP/1.1 404 9 - 2.767 ms

2016/02/24 17:31:48.834 - info: ::1 - GET /admin HTTP/1.1 304 - - 0.911 ms

2016/02/24 17:31:48.889 - info: ::1 - GET /app/admin/popup/menu1.create.controller.js HTTP/1.1 404 96 - 1.630 ms

2016/02/24 17:31:48.892 - info: ::1 - GET /app/admin/popup/menu1.destroy.controller.js HTTP/1.1 404 96 - 1.611 ms

2016/02/24 17:31:48.894 - info: ::1 - GET /app/admin/popup/menu1.update.controller.js HTTP/1.1 404 96 - 1.348 ms

2016/02/24 17:31:49.178 - warn: Not Found
2016/02/24 17:31:49.179 - info: ::1 - GET /api/users?limit=10&order=-1&page=1&search=KEY&sort=KEY&value= HTTP/1.1 404 9 - 1.948 ms

2016/02/24 17:32:33.260 - info: ::1 - GET /admin HTTP/1.1 304 - - 0.856 ms

2016/02/24 17:32:33.314 - info: ::1 - GET /app/admin/popup/menu1.create.controller.js HTTP/1.1 404 96 - 1.054 ms

2016/02/24 17:32:33.317 - info: ::1 - GET /app/admin/popup/menu1.destroy.controller.js HTTP/1.1 404 96 - 1.360 ms

2016/02/24 17:32:33.318 - info: ::1 - GET /app/admin/popup/menu1.update.controller.js HTTP/1.1 404 96 - 1.252 ms

2016/02/24 17:32:33.589 - warn: Not Found
2016/02/24 17:32:33.590 - info: ::1 - GET /api/users?limit=10&order=-1&page=1&search=KEY&sort=KEY&value= HTTP/1.1 404 9 - 1.829 ms

2016/02/24 17:34:24.877 - info: MongoDB connected!
2016/02/24 17:34:25.898 - info: ::1 - GET /admin HTTP/1.1 200 5038 - 9.439 ms

2016/02/24 17:34:26.171 - warn: Not Found
2016/02/24 17:34:26.174 - info: ::1 - GET /api/users?limit=10&order=-1&page=1&search=KEY&sort=KEY&value= HTTP/1.1 404 9 - 14.836 ms

2016/02/24 17:34:45.301 - info: ::1 - GET /admin HTTP/1.1 304 - - 3.535 ms

2016/02/24 17:34:45.583 - warn: Not Found
2016/02/24 17:34:45.584 - info: ::1 - GET /api/users?limit=10&order=-1&page=1&search=KEY&sort=KEY&value= HTTP/1.1 404 9 - 3.130 ms

2016/02/24 17:34:53.870 - info: Create user:  key=AAAA, value=aaaa
2016/02/24 17:34:53.883 - info: ::1 - POST /api/users HTTP/1.1 201 56 - 12.866 ms

2016/02/24 17:34:55.284 - info: ::1 - GET /admin HTTP/1.1 304 - - 1.593 ms

2016/02/24 17:34:55.580 - info: ::1 - GET /api/users?limit=10&order=-1&page=1&search=KEY&sort=KEY&value= HTTP/1.1 200 45 - 5.711 ms

2016/02/24 17:35:26.082 - info: ::1 - GET /admin HTTP/1.1 304 - - 1.018 ms

2016/02/24 17:35:26.400 - info: ::1 - GET /api/users?limit=10&order=-1&page=1&search=KEY&sort=KEY&value= HTTP/1.1 304 - - 12.181 ms

